
=INFO REPORT==== 25-Dec-2015::15:29:47 ===
Starting RabbitMQ 3.5.3 on Erlang R15B
Copyright (C) 2007-2014 GoPivotal, Inc.
Licensed under the MPL.  See http://www.rabbitmq.com/

=INFO REPORT==== 25-Dec-2015::15:29:47 ===
node           : my_server_rabbit1@127.0.0.1
home dir       : C:\Users\xxw
config file(s) : (none)
cookie hash    : vsoziVgtD2XOblNsBTYZ/w==
log            : ../log/my_server_rabbit1@127.0.0.1.log
sasl log       : ../log/my_server_rabbit1@127.0.0.1_sasl.log
database dir   : c:/github/RabbitMQ/ebin/../db/my_server_rabbit1@127.0.0.1-mnesia

=WARNING REPORT==== 25-Dec-2015::15:29:47 ===
Kernel poll (epoll, kqueue, etc) is disabled. Throughput and CPU utilization may worsen.

=WARNING REPORT==== 25-Dec-2015::15:29:47 ===
Only 2048MB of 8068MB memory usable due to limited address space.
Crashes due to memory exhaustion are possible - see
http://www.rabbitmq.com/memory.html#address-space

=INFO REPORT==== 25-Dec-2015::15:29:47 ===
Memory limit set to 819MB of 8068MB total.

=INFO REPORT==== 25-Dec-2015::15:29:47 ===
Disk free limit set to 50MB

=INFO REPORT==== 25-Dec-2015::15:29:47 ===
Limiting to approx 924 file handles (829 sockets)

=INFO REPORT==== 25-Dec-2015::15:29:52 ===
Priority queues enabled, real BQ is rabbit_variable_queue

=INFO REPORT==== 25-Dec-2015::15:29:52 ===
Adding vhost '/'

=INFO REPORT==== 25-Dec-2015::15:29:53 ===
Creating user 'guest'

=INFO REPORT==== 25-Dec-2015::15:29:53 ===
Setting user tags for user 'guest' to [administrator]

=INFO REPORT==== 25-Dec-2015::15:29:54 ===
Setting permissions for 'guest' in '/' to '.*', '.*', '.*'

=INFO REPORT==== 25-Dec-2015::15:29:54 ===
msg_store_transient: using rabbit_msg_store_ets_index to provide index

=INFO REPORT==== 25-Dec-2015::15:29:54 ===
msg_store_persistent: using rabbit_msg_store_ets_index to provide index

=WARNING REPORT==== 25-Dec-2015::15:29:54 ===
msg_store_persistent: rebuilding indices from scratch

=INFO REPORT==== 25-Dec-2015::15:29:54 ===
started TCP Listener on 127.0.0.1:5673

=INFO REPORT==== 25-Dec-2015::15:29:54 ===
Management plugin started. Port: 15673

=INFO REPORT==== 25-Dec-2015::15:29:54 ===
Statistics database started.

=INFO REPORT==== 25-Dec-2015::15:29:54 ===
Server startup complete; 7 plugins started.
 * rabbitmq_tracing
 * rabbitmq_management
 * rabbitmq_management_agent
 * rabbitmq_web_dispatch
 * webmachine
 * mochiweb
 * amqp_client

=INFO REPORT==== 25-Dec-2015::15:29:54 ===
node 'my_server_rabbit2@127.0.0.1' up

=INFO REPORT==== 25-Dec-2015::15:29:55 ===
node 'my_server_rabbit3@127.0.0.1' up

=INFO REPORT==== 25-Dec-2015::15:30:08 ===
rabbit on node 'my_server_rabbit2@127.0.0.1' up

=INFO REPORT==== 25-Dec-2015::15:30:08 ===
rabbit on node 'my_server_rabbit3@127.0.0.1' up

=INFO REPORT==== 25-Dec-2015::15:45:51 ===
Starting RabbitMQ 3.5.3 on Erlang R15B
Copyright (C) 2007-2014 GoPivotal, Inc.
Licensed under the MPL.  See http://www.rabbitmq.com/

=INFO REPORT==== 25-Dec-2015::15:45:51 ===
node           : my_server_rabbit1@127.0.0.1
home dir       : C:\Users\xxw
config file(s) : (none)
cookie hash    : vsoziVgtD2XOblNsBTYZ/w==
log            : ../log/my_server_rabbit1@127.0.0.1.log
sasl log       : ../log/my_server_rabbit1@127.0.0.1_sasl.log
database dir   : c:/github/RabbitMQ/ebin/../db/my_server_rabbit1@127.0.0.1-mnesia

=WARNING REPORT==== 25-Dec-2015::15:45:51 ===
Kernel poll (epoll, kqueue, etc) is disabled. Throughput and CPU utilization may worsen.

=WARNING REPORT==== 25-Dec-2015::15:45:51 ===
Only 2048MB of 8068MB memory usable due to limited address space.
Crashes due to memory exhaustion are possible - see
http://www.rabbitmq.com/memory.html#address-space

=INFO REPORT==== 25-Dec-2015::15:45:51 ===
Memory limit set to 819MB of 8068MB total.

=INFO REPORT==== 25-Dec-2015::15:45:51 ===
Disk free limit set to 50MB

=INFO REPORT==== 25-Dec-2015::15:45:51 ===
Limiting to approx 924 file handles (829 sockets)

=INFO REPORT==== 25-Dec-2015::15:45:52 ===
Priority queues enabled, real BQ is rabbit_variable_queue

=INFO REPORT==== 25-Dec-2015::15:45:52 ===
msg_store_transient: using rabbit_msg_store_ets_index to provide index

=INFO REPORT==== 25-Dec-2015::15:45:52 ===
msg_store_persistent: using rabbit_msg_store_ets_index to provide index

=WARNING REPORT==== 25-Dec-2015::15:45:52 ===
msg_store_persistent: rebuilding indices from scratch

=INFO REPORT==== 25-Dec-2015::15:45:52 ===
started TCP Listener on 127.0.0.1:5673

=INFO REPORT==== 25-Dec-2015::15:45:52 ===
rabbit on node 'my_server_rabbit3@127.0.0.1' up

=INFO REPORT==== 25-Dec-2015::15:45:52 ===
stopped TCP Listener on 127.0.0.1:5673

=INFO REPORT==== 25-Dec-2015::15:45:52 ===
rabbit on node 'my_server_rabbit3@127.0.0.1' down

=INFO REPORT==== 25-Dec-2015::15:45:53 ===
Keep my_server_rabbit3@127.0.0.1 listeners: the node is already back

=INFO REPORT==== 25-Dec-2015::15:45:53 ===
Error description:
   {could_not_start,rabbitmq_shovel,
       {undef,
           [{rabbit_shovel,start,[normal,[]],[]},
            {application_master,start_it_old,4,
                [{file,"application_master.erl"},{line,274}]}]}}

Log files (may contain more information):
   ../log/my_server_rabbit1@127.0.0.1.log
   ../log/my_server_rabbit1@127.0.0.1_sasl.log


=INFO REPORT==== 25-Dec-2015::15:46:14 ===
Starting RabbitMQ 3.5.3 on Erlang R15B
Copyright (C) 2007-2014 GoPivotal, Inc.
Licensed under the MPL.  See http://www.rabbitmq.com/

=INFO REPORT==== 25-Dec-2015::15:46:14 ===
node           : my_server_rabbit1@127.0.0.1
home dir       : C:\Users\xxw
config file(s) : (none)
cookie hash    : vsoziVgtD2XOblNsBTYZ/w==
log            : ../log/my_server_rabbit1@127.0.0.1.log
sasl log       : ../log/my_server_rabbit1@127.0.0.1_sasl.log
database dir   : c:/github/RabbitMQ/ebin/../db/my_server_rabbit1@127.0.0.1-mnesia

=WARNING REPORT==== 25-Dec-2015::15:46:14 ===
Kernel poll (epoll, kqueue, etc) is disabled. Throughput and CPU utilization may worsen.

=WARNING REPORT==== 25-Dec-2015::15:46:14 ===
Only 2048MB of 8068MB memory usable due to limited address space.
Crashes due to memory exhaustion are possible - see
http://www.rabbitmq.com/memory.html#address-space

=INFO REPORT==== 25-Dec-2015::15:46:14 ===
Memory limit set to 819MB of 8068MB total.

=INFO REPORT==== 25-Dec-2015::15:46:14 ===
Disk free limit set to 50MB

=INFO REPORT==== 25-Dec-2015::15:46:14 ===
Limiting to approx 924 file handles (829 sockets)

=INFO REPORT==== 25-Dec-2015::15:46:14 ===
Priority queues enabled, real BQ is rabbit_variable_queue

=INFO REPORT==== 25-Dec-2015::15:46:14 ===
msg_store_transient: using rabbit_msg_store_ets_index to provide index

=INFO REPORT==== 25-Dec-2015::15:46:15 ===
msg_store_persistent: using rabbit_msg_store_ets_index to provide index

=INFO REPORT==== 25-Dec-2015::15:46:15 ===
started TCP Listener on 127.0.0.1:5673

=INFO REPORT==== 25-Dec-2015::15:46:15 ===
rabbit on node 'my_server_rabbit2@127.0.0.1' up

=INFO REPORT==== 25-Dec-2015::15:46:15 ===
stopped TCP Listener on 127.0.0.1:5673

=INFO REPORT==== 25-Dec-2015::15:46:15 ===
rabbit on node 'my_server_rabbit3@127.0.0.1' up

=INFO REPORT==== 25-Dec-2015::15:46:16 ===
rabbit on node 'my_server_rabbit2@127.0.0.1' down

=INFO REPORT==== 25-Dec-2015::15:46:17 ===
Keep my_server_rabbit2@127.0.0.1 listeners: the node is already back

=INFO REPORT==== 25-Dec-2015::15:46:17 ===
Error description:
   {could_not_start,rabbitmq_shovel,
       {undef,
           [{rabbit_shovel,start,[normal,[]],[]},
            {application_master,start_it_old,4,
                [{file,"application_master.erl"},{line,274}]}]}}

Log files (may contain more information):
   ../log/my_server_rabbit1@127.0.0.1.log
   ../log/my_server_rabbit1@127.0.0.1_sasl.log


=INFO REPORT==== 25-Dec-2015::15:47:04 ===
Starting RabbitMQ 3.5.3 on Erlang R15B
Copyright (C) 2007-2014 GoPivotal, Inc.
Licensed under the MPL.  See http://www.rabbitmq.com/

=INFO REPORT==== 25-Dec-2015::15:47:04 ===
node           : my_server_rabbit1@127.0.0.1
home dir       : C:\Users\xxw
config file(s) : (none)
cookie hash    : vsoziVgtD2XOblNsBTYZ/w==
log            : ../log/my_server_rabbit1@127.0.0.1.log
sasl log       : ../log/my_server_rabbit1@127.0.0.1_sasl.log
database dir   : c:/github/RabbitMQ/ebin/../db/my_server_rabbit1@127.0.0.1-mnesia

=WARNING REPORT==== 25-Dec-2015::15:47:04 ===
Kernel poll (epoll, kqueue, etc) is disabled. Throughput and CPU utilization may worsen.

=WARNING REPORT==== 25-Dec-2015::15:47:04 ===
Only 2048MB of 8068MB memory usable due to limited address space.
Crashes due to memory exhaustion are possible - see
http://www.rabbitmq.com/memory.html#address-space

=INFO REPORT==== 25-Dec-2015::15:47:04 ===
Memory limit set to 819MB of 8068MB total.

=INFO REPORT==== 25-Dec-2015::15:47:04 ===
Disk free limit set to 50MB

=INFO REPORT==== 25-Dec-2015::15:47:04 ===
Limiting to approx 924 file handles (829 sockets)

=INFO REPORT==== 25-Dec-2015::15:47:05 ===
Priority queues enabled, real BQ is rabbit_variable_queue

=INFO REPORT==== 25-Dec-2015::15:47:05 ===
msg_store_transient: using rabbit_msg_store_ets_index to provide index

=INFO REPORT==== 25-Dec-2015::15:47:05 ===
msg_store_persistent: using rabbit_msg_store_ets_index to provide index

=INFO REPORT==== 25-Dec-2015::15:47:05 ===
started TCP Listener on 127.0.0.1:5673

=INFO REPORT==== 25-Dec-2015::15:47:05 ===
stopped TCP Listener on 127.0.0.1:5673

=INFO REPORT==== 25-Dec-2015::15:47:06 ===
Error description:
   {could_not_start,rabbitmq_shovel,
       {undef,
           [{rabbit_shovel,start,[normal,[]],[]},
            {application_master,start_it_old,4,
                [{file,"application_master.erl"},{line,274}]}]}}

Log files (may contain more information):
   ../log/my_server_rabbit1@127.0.0.1.log
   ../log/my_server_rabbit1@127.0.0.1_sasl.log


=INFO REPORT==== 25-Dec-2015::15:49:00 ===
Starting RabbitMQ 3.5.3 on Erlang R15B
Copyright (C) 2007-2014 GoPivotal, Inc.
Licensed under the MPL.  See http://www.rabbitmq.com/

=INFO REPORT==== 25-Dec-2015::15:49:00 ===
node           : my_server_rabbit1@127.0.0.1
home dir       : C:\Users\xxw
config file(s) : (none)
cookie hash    : vsoziVgtD2XOblNsBTYZ/w==
log            : ../log/my_server_rabbit1@127.0.0.1.log
sasl log       : ../log/my_server_rabbit1@127.0.0.1_sasl.log
database dir   : c:/github/RabbitMQ/ebin/../db/my_server_rabbit1@127.0.0.1-mnesia

=WARNING REPORT==== 25-Dec-2015::15:49:00 ===
Kernel poll (epoll, kqueue, etc) is disabled. Throughput and CPU utilization may worsen.

=WARNING REPORT==== 25-Dec-2015::15:49:01 ===
Only 2048MB of 8068MB memory usable due to limited address space.
Crashes due to memory exhaustion are possible - see
http://www.rabbitmq.com/memory.html#address-space

=INFO REPORT==== 25-Dec-2015::15:49:01 ===
Memory limit set to 819MB of 8068MB total.

=INFO REPORT==== 25-Dec-2015::15:49:01 ===
Disk free limit set to 50MB

=INFO REPORT==== 25-Dec-2015::15:49:01 ===
Limiting to approx 924 file handles (829 sockets)

=INFO REPORT==== 25-Dec-2015::15:49:02 ===
Priority queues enabled, real BQ is rabbit_variable_queue

=INFO REPORT==== 25-Dec-2015::15:49:02 ===
msg_store_transient: using rabbit_msg_store_ets_index to provide index

=INFO REPORT==== 25-Dec-2015::15:49:02 ===
msg_store_persistent: using rabbit_msg_store_ets_index to provide index

=INFO REPORT==== 25-Dec-2015::15:49:03 ===
rabbit on node 'my_server_rabbit2@127.0.0.1' up

=INFO REPORT==== 25-Dec-2015::15:49:03 ===
started TCP Listener on 127.0.0.1:5673

=INFO REPORT==== 25-Dec-2015::15:49:03 ===
Management plugin started. Port: 15673

=INFO REPORT==== 25-Dec-2015::15:49:03 ===
rabbit on node 'my_server_rabbit3@127.0.0.1' up

=INFO REPORT==== 25-Dec-2015::15:49:03 ===
Server startup complete; 8 plugins started.
 * rabbitmq_tracing
 * rabbitmq_management
 * rabbitmq_shovel
 * rabbitmq_management_agent
 * rabbitmq_web_dispatch
 * webmachine
 * mochiweb
 * amqp_client

=INFO REPORT==== 25-Dec-2015::15:59:05 ===
Starting RabbitMQ 3.5.3 on Erlang R15B
Copyright (C) 2007-2014 GoPivotal, Inc.
Licensed under the MPL.  See http://www.rabbitmq.com/

=INFO REPORT==== 25-Dec-2015::15:59:05 ===
node           : my_server_rabbit1@127.0.0.1
home dir       : C:\Users\xxw
config file(s) : (none)
cookie hash    : vsoziVgtD2XOblNsBTYZ/w==
log            : ../log/my_server_rabbit1@127.0.0.1.log
sasl log       : ../log/my_server_rabbit1@127.0.0.1_sasl.log
database dir   : c:/github/RabbitMQ/ebin/../db/my_server_rabbit1@127.0.0.1-mnesia

=WARNING REPORT==== 25-Dec-2015::15:59:05 ===
Kernel poll (epoll, kqueue, etc) is disabled. Throughput and CPU utilization may worsen.

=WARNING REPORT==== 25-Dec-2015::15:59:05 ===
Only 2048MB of 8068MB memory usable due to limited address space.
Crashes due to memory exhaustion are possible - see
http://www.rabbitmq.com/memory.html#address-space

=INFO REPORT==== 25-Dec-2015::15:59:05 ===
Memory limit set to 819MB of 8068MB total.

=INFO REPORT==== 25-Dec-2015::15:59:05 ===
Disk free limit set to 50MB

=INFO REPORT==== 25-Dec-2015::15:59:05 ===
Limiting to approx 924 file handles (829 sockets)

=INFO REPORT==== 25-Dec-2015::15:59:06 ===
Priority queues enabled, real BQ is rabbit_variable_queue

=INFO REPORT==== 25-Dec-2015::15:59:06 ===
msg_store_transient: using rabbit_msg_store_ets_index to provide index

=INFO REPORT==== 25-Dec-2015::15:59:06 ===
msg_store_persistent: using rabbit_msg_store_ets_index to provide index

=WARNING REPORT==== 25-Dec-2015::15:59:06 ===
msg_store_persistent: rebuilding indices from scratch

=INFO REPORT==== 25-Dec-2015::15:59:06 ===
started TCP Listener on 127.0.0.1:5673

=INFO REPORT==== 25-Dec-2015::15:59:06 ===
rabbit on node 'my_server_rabbit3@127.0.0.1' up

=INFO REPORT==== 25-Dec-2015::15:59:06 ===
Management plugin started. Port: 15673

=INFO REPORT==== 25-Dec-2015::15:59:06 ===
Server startup complete; 8 plugins started.
 * rabbitmq_tracing
 * rabbitmq_management
 * rabbitmq_shovel
 * rabbitmq_management_agent
 * rabbitmq_web_dispatch
 * webmachine
 * mochiweb
 * amqp_client

=INFO REPORT==== 25-Dec-2015::15:59:11 ===
node 'my_server_rabbit2@127.0.0.1' down: connection_closed

=INFO REPORT==== 25-Dec-2015::15:59:11 ===
rabbit on node 'my_server_rabbit3@127.0.0.1' down

=INFO REPORT==== 25-Dec-2015::15:59:11 ===
Statistics database started.

=INFO REPORT==== 25-Dec-2015::15:59:12 ===
node 'my_server_rabbit3@127.0.0.1' down: connection_closed

=INFO REPORT==== 25-Dec-2015::15:59:17 ===
Starting RabbitMQ 3.5.3 on Erlang R15B
Copyright (C) 2007-2014 GoPivotal, Inc.
Licensed under the MPL.  See http://www.rabbitmq.com/

=INFO REPORT==== 25-Dec-2015::15:59:17 ===
node           : my_server_rabbit1@127.0.0.1
home dir       : C:\Users\xxw
config file(s) : (none)
cookie hash    : vsoziVgtD2XOblNsBTYZ/w==
log            : ../log/my_server_rabbit1@127.0.0.1.log
sasl log       : ../log/my_server_rabbit1@127.0.0.1_sasl.log
database dir   : c:/github/RabbitMQ/ebin/../db/my_server_rabbit1@127.0.0.1-mnesia

=WARNING REPORT==== 25-Dec-2015::15:59:17 ===
Kernel poll (epoll, kqueue, etc) is disabled. Throughput and CPU utilization may worsen.

=WARNING REPORT==== 25-Dec-2015::15:59:18 ===
Only 2048MB of 8068MB memory usable due to limited address space.
Crashes due to memory exhaustion are possible - see
http://www.rabbitmq.com/memory.html#address-space

=INFO REPORT==== 25-Dec-2015::15:59:18 ===
Memory limit set to 819MB of 8068MB total.

=INFO REPORT==== 25-Dec-2015::15:59:18 ===
Disk free limit set to 50MB

=INFO REPORT==== 25-Dec-2015::15:59:18 ===
Limiting to approx 924 file handles (829 sockets)

=INFO REPORT==== 25-Dec-2015::15:59:18 ===
Priority queues enabled, real BQ is rabbit_variable_queue

=INFO REPORT==== 25-Dec-2015::15:59:18 ===
msg_store_transient: using rabbit_msg_store_ets_index to provide index

=INFO REPORT==== 25-Dec-2015::15:59:18 ===
msg_store_persistent: using rabbit_msg_store_ets_index to provide index

=WARNING REPORT==== 25-Dec-2015::15:59:18 ===
msg_store_persistent: rebuilding indices from scratch

=INFO REPORT==== 25-Dec-2015::15:59:18 ===
started TCP Listener on 127.0.0.1:5673

=INFO REPORT==== 25-Dec-2015::15:59:18 ===
rabbit on node 'my_server_rabbit3@127.0.0.1' up

=INFO REPORT==== 25-Dec-2015::15:59:18 ===
Management plugin started. Port: 15673

=INFO REPORT==== 25-Dec-2015::15:59:18 ===
Statistics database started.

=INFO REPORT==== 25-Dec-2015::15:59:18 ===
Server startup complete; 8 plugins started.
 * rabbitmq_tracing
 * rabbitmq_management
 * rabbitmq_shovel
 * rabbitmq_management_agent
 * rabbitmq_web_dispatch
 * webmachine
 * mochiweb
 * amqp_client

=INFO REPORT==== 25-Dec-2015::15:59:37 ===
Starting RabbitMQ 3.5.3 on Erlang R15B
Copyright (C) 2007-2014 GoPivotal, Inc.
Licensed under the MPL.  See http://www.rabbitmq.com/

=INFO REPORT==== 25-Dec-2015::15:59:37 ===
node           : my_server_rabbit1@127.0.0.1
home dir       : C:\Users\xxw
config file(s) : (none)
cookie hash    : vsoziVgtD2XOblNsBTYZ/w==
log            : ../log/my_server_rabbit1@127.0.0.1.log
sasl log       : ../log/my_server_rabbit1@127.0.0.1_sasl.log
database dir   : c:/github/RabbitMQ/ebin/../db/my_server_rabbit1@127.0.0.1-mnesia

=WARNING REPORT==== 25-Dec-2015::15:59:37 ===
Kernel poll (epoll, kqueue, etc) is disabled. Throughput and CPU utilization may worsen.

=WARNING REPORT==== 25-Dec-2015::15:59:37 ===
Only 2048MB of 8068MB memory usable due to limited address space.
Crashes due to memory exhaustion are possible - see
http://www.rabbitmq.com/memory.html#address-space

=INFO REPORT==== 25-Dec-2015::15:59:37 ===
Memory limit set to 819MB of 8068MB total.

=INFO REPORT==== 25-Dec-2015::15:59:37 ===
Disk free limit set to 50MB

=INFO REPORT==== 25-Dec-2015::15:59:37 ===
Limiting to approx 924 file handles (829 sockets)

=INFO REPORT==== 25-Dec-2015::15:59:38 ===
Priority queues enabled, real BQ is rabbit_variable_queue

=INFO REPORT==== 25-Dec-2015::15:59:38 ===
msg_store_transient: using rabbit_msg_store_ets_index to provide index

=INFO REPORT==== 25-Dec-2015::15:59:38 ===
msg_store_persistent: using rabbit_msg_store_ets_index to provide index

=WARNING REPORT==== 25-Dec-2015::15:59:38 ===
msg_store_persistent: rebuilding indices from scratch

=INFO REPORT==== 25-Dec-2015::15:59:38 ===
started TCP Listener on 127.0.0.1:5673

=INFO REPORT==== 25-Dec-2015::15:59:38 ===
rabbit on node 'my_server_rabbit2@127.0.0.1' up

=INFO REPORT==== 25-Dec-2015::15:59:38 ===
Management plugin started. Port: 15673

=INFO REPORT==== 25-Dec-2015::15:59:38 ===
rabbit on node 'my_server_rabbit3@127.0.0.1' up

=INFO REPORT==== 25-Dec-2015::15:59:38 ===
Server startup complete; 8 plugins started.
 * rabbitmq_tracing
 * rabbitmq_management
 * rabbitmq_shovel
 * rabbitmq_management_agent
 * rabbitmq_web_dispatch
 * webmachine
 * mochiweb
 * amqp_client

=INFO REPORT==== 25-Dec-2015::16:02:02 ===
rabbit on node 'my_server_rabbit2@127.0.0.1' down

=INFO REPORT==== 25-Dec-2015::16:02:02 ===
node 'my_server_rabbit2@127.0.0.1' down: connection_closed

=INFO REPORT==== 25-Dec-2015::16:02:03 ===
rabbit on node 'my_server_rabbit3@127.0.0.1' down

=INFO REPORT==== 25-Dec-2015::16:02:03 ===
Statistics database started.

=INFO REPORT==== 25-Dec-2015::16:02:03 ===
node 'my_server_rabbit3@127.0.0.1' down: connection_closed

=INFO REPORT==== 25-Dec-2015::16:04:51 ===
Starting RabbitMQ 3.5.3 on Erlang R15B
Copyright (C) 2007-2014 GoPivotal, Inc.
Licensed under the MPL.  See http://www.rabbitmq.com/

=INFO REPORT==== 25-Dec-2015::16:04:51 ===
node           : my_server_rabbit1@127.0.0.1
home dir       : C:\Users\xxw
config file(s) : (none)
cookie hash    : vsoziVgtD2XOblNsBTYZ/w==
log            : ../log/my_server_rabbit1@127.0.0.1.log
sasl log       : ../log/my_server_rabbit1@127.0.0.1_sasl.log
database dir   : c:/github/RabbitMQ/ebin/../db/my_server_rabbit1@127.0.0.1-mnesia

=WARNING REPORT==== 25-Dec-2015::16:04:51 ===
Kernel poll (epoll, kqueue, etc) is disabled. Throughput and CPU utilization may worsen.

=WARNING REPORT==== 25-Dec-2015::16:04:51 ===
Only 2048MB of 8068MB memory usable due to limited address space.
Crashes due to memory exhaustion are possible - see
http://www.rabbitmq.com/memory.html#address-space

=INFO REPORT==== 25-Dec-2015::16:04:51 ===
Memory limit set to 819MB of 8068MB total.

=INFO REPORT==== 25-Dec-2015::16:04:51 ===
Disk free limit set to 50MB

=INFO REPORT==== 25-Dec-2015::16:04:51 ===
Limiting to approx 924 file handles (829 sockets)

=INFO REPORT==== 25-Dec-2015::16:04:53 ===
Priority queues enabled, real BQ is rabbit_variable_queue

=INFO REPORT==== 25-Dec-2015::16:04:53 ===
Management plugin: using rates mode 'basic'

=INFO REPORT==== 25-Dec-2015::16:04:53 ===
msg_store_transient: using rabbit_msg_store_ets_index to provide index

=INFO REPORT==== 25-Dec-2015::16:04:53 ===
msg_store_persistent: using rabbit_msg_store_ets_index to provide index

=WARNING REPORT==== 25-Dec-2015::16:04:53 ===
msg_store_persistent: rebuilding indices from scratch

=INFO REPORT==== 25-Dec-2015::16:04:53 ===
rabbit on node 'my_server_rabbit3@127.0.0.1' up

=INFO REPORT==== 25-Dec-2015::16:04:53 ===
started TCP Listener on 127.0.0.1:5673

=INFO REPORT==== 25-Dec-2015::16:04:53 ===
Management plugin started. Port: 15673

=INFO REPORT==== 25-Dec-2015::16:04:53 ===
Statistics database started.

=INFO REPORT==== 25-Dec-2015::16:04:53 ===
Server startup complete; 8 plugins started.
 * rabbitmq_tracing
 * rabbitmq_management
 * rabbitmq_shovel
 * rabbitmq_management_agent
 * rabbitmq_web_dispatch
 * webmachine
 * mochiweb
 * amqp_client

=INFO REPORT==== 25-Dec-2015::16:06:49 ===
Starting RabbitMQ 3.5.3 on Erlang R15B
Copyright (C) 2007-2014 GoPivotal, Inc.
Licensed under the MPL.  See http://www.rabbitmq.com/

=INFO REPORT==== 25-Dec-2015::16:06:49 ===
node           : my_server_rabbit1@127.0.0.1
home dir       : C:\Users\xxw
config file(s) : (none)
cookie hash    : vsoziVgtD2XOblNsBTYZ/w==
log            : ../log/my_server_rabbit1@127.0.0.1.log
sasl log       : ../log/my_server_rabbit1@127.0.0.1_sasl.log
database dir   : c:/github/RabbitMQ/ebin/../db/my_server_rabbit1@127.0.0.1-mnesia

=WARNING REPORT==== 25-Dec-2015::16:06:49 ===
Kernel poll (epoll, kqueue, etc) is disabled. Throughput and CPU utilization may worsen.

=WARNING REPORT==== 25-Dec-2015::16:06:51 ===
Only 2048MB of 8068MB memory usable due to limited address space.
Crashes due to memory exhaustion are possible - see
http://www.rabbitmq.com/memory.html#address-space

=INFO REPORT==== 25-Dec-2015::16:06:51 ===
Memory limit set to 819MB of 8068MB total.

=INFO REPORT==== 25-Dec-2015::16:06:51 ===
Disk free limit set to 50MB

=INFO REPORT==== 25-Dec-2015::16:06:51 ===
Limiting to approx 924 file handles (829 sockets)

=INFO REPORT==== 25-Dec-2015::16:06:52 ===
Priority queues enabled, real BQ is rabbit_variable_queue

=INFO REPORT==== 25-Dec-2015::16:06:52 ===
Management plugin: using rates mode 'basic'

=INFO REPORT==== 25-Dec-2015::16:06:52 ===
msg_store_transient: using rabbit_msg_store_ets_index to provide index

=INFO REPORT==== 25-Dec-2015::16:06:52 ===
msg_store_persistent: using rabbit_msg_store_ets_index to provide index

=WARNING REPORT==== 25-Dec-2015::16:06:52 ===
msg_store_persistent: rebuilding indices from scratch

=INFO REPORT==== 25-Dec-2015::16:06:52 ===
started TCP Listener on 127.0.0.1:5673

=INFO REPORT==== 25-Dec-2015::16:06:52 ===
rabbit on node 'my_server_rabbit3@127.0.0.1' up

=INFO REPORT==== 25-Dec-2015::16:06:52 ===
Management plugin started. Port: 15673

=INFO REPORT==== 25-Dec-2015::16:06:52 ===
rabbit on node 'my_server_rabbit2@127.0.0.1' up

=INFO REPORT==== 25-Dec-2015::16:06:53 ===
Server startup complete; 8 plugins started.
 * rabbitmq_tracing
 * rabbitmq_management
 * rabbitmq_shovel
 * rabbitmq_management_agent
 * rabbitmq_web_dispatch
 * webmachine
 * mochiweb
 * amqp_client

=INFO REPORT==== 25-Dec-2015::16:12:29 ===
rabbit on node 'my_server_rabbit3@127.0.0.1' down

=INFO REPORT==== 25-Dec-2015::16:12:29 ===
node 'my_server_rabbit3@127.0.0.1' down: connection_closed

=INFO REPORT==== 25-Dec-2015::16:12:42 ===
Starting RabbitMQ 3.5.3 on Erlang R15B
Copyright (C) 2007-2014 GoPivotal, Inc.
Licensed under the MPL.  See http://www.rabbitmq.com/

=INFO REPORT==== 25-Dec-2015::16:12:42 ===
node           : my_server_rabbit1@127.0.0.1
home dir       : C:\Users\xxw
config file(s) : (none)
cookie hash    : vsoziVgtD2XOblNsBTYZ/w==
log            : ../log/my_server_rabbit1@127.0.0.1.log
sasl log       : ../log/my_server_rabbit1@127.0.0.1_sasl.log
database dir   : c:/github/RabbitMQ/ebin/../db/my_server_rabbit1@127.0.0.1-mnesia

=WARNING REPORT==== 25-Dec-2015::16:12:42 ===
Kernel poll (epoll, kqueue, etc) is disabled. Throughput and CPU utilization may worsen.

=WARNING REPORT==== 25-Dec-2015::16:12:43 ===
Only 2048MB of 8068MB memory usable due to limited address space.
Crashes due to memory exhaustion are possible - see
http://www.rabbitmq.com/memory.html#address-space

=INFO REPORT==== 25-Dec-2015::16:12:43 ===
Memory limit set to 819MB of 8068MB total.

=INFO REPORT==== 25-Dec-2015::16:12:43 ===
Disk free limit set to 50MB

=INFO REPORT==== 25-Dec-2015::16:12:43 ===
Limiting to approx 924 file handles (829 sockets)

=INFO REPORT==== 25-Dec-2015::16:12:45 ===
Priority queues enabled, real BQ is rabbit_variable_queue

=INFO REPORT==== 25-Dec-2015::16:12:46 ===
Management plugin: using rates mode 'basic'

=INFO REPORT==== 25-Dec-2015::16:12:46 ===
msg_store_transient: using rabbit_msg_store_ets_index to provide index

=INFO REPORT==== 25-Dec-2015::16:12:46 ===
msg_store_persistent: using rabbit_msg_store_ets_index to provide index

=WARNING REPORT==== 25-Dec-2015::16:12:46 ===
msg_store_persistent: rebuilding indices from scratch

=INFO REPORT==== 25-Dec-2015::16:12:46 ===
started TCP Listener on 127.0.0.1:5673

=INFO REPORT==== 25-Dec-2015::16:12:46 ===
rabbit on node 'my_server_rabbit2@127.0.0.1' up

=INFO REPORT==== 25-Dec-2015::16:12:46 ===
Management plugin started. Port: 15673

=INFO REPORT==== 25-Dec-2015::16:12:46 ===
rabbit on node 'my_server_rabbit3@127.0.0.1' up

=INFO REPORT==== 25-Dec-2015::16:12:46 ===
Server startup complete; 8 plugins started.
 * rabbitmq_tracing
 * rabbitmq_management
 * rabbitmq_shovel
 * rabbitmq_management_agent
 * rabbitmq_web_dispatch
 * webmachine
 * mochiweb
 * amqp_client

=INFO REPORT==== 25-Dec-2015::16:16:46 ===
rabbit on node 'my_server_rabbit2@127.0.0.1' down

=INFO REPORT==== 25-Dec-2015::16:16:46 ===
node 'my_server_rabbit2@127.0.0.1' down: connection_closed

=INFO REPORT==== 25-Dec-2015::16:31:38 ===
Starting RabbitMQ 3.5.3 on Erlang R15B
Copyright (C) 2007-2014 GoPivotal, Inc.
Licensed under the MPL.  See http://www.rabbitmq.com/

=INFO REPORT==== 25-Dec-2015::16:31:38 ===
node           : my_server_rabbit1@127.0.0.1
home dir       : C:\Users\xxw
config file(s) : (none)
cookie hash    : vsoziVgtD2XOblNsBTYZ/w==
log            : ../log/my_server_rabbit1@127.0.0.1.log
sasl log       : ../log/my_server_rabbit1@127.0.0.1_sasl.log
database dir   : c:/github/RabbitMQ/ebin/../db/my_server_rabbit1@127.0.0.1-mnesia

=WARNING REPORT==== 25-Dec-2015::16:31:38 ===
Kernel poll (epoll, kqueue, etc) is disabled. Throughput and CPU utilization may worsen.

=WARNING REPORT==== 25-Dec-2015::16:31:38 ===
Only 2048MB of 8068MB memory usable due to limited address space.
Crashes due to memory exhaustion are possible - see
http://www.rabbitmq.com/memory.html#address-space

=INFO REPORT==== 25-Dec-2015::16:31:38 ===
Memory limit set to 819MB of 8068MB total.

=INFO REPORT==== 25-Dec-2015::16:31:39 ===
Disk free limit set to 50MB

=INFO REPORT==== 25-Dec-2015::16:31:39 ===
Limiting to approx 924 file handles (829 sockets)

=INFO REPORT==== 25-Dec-2015::16:31:39 ===
Priority queues enabled, real BQ is rabbit_variable_queue

=INFO REPORT==== 25-Dec-2015::16:31:39 ===
Management plugin: using rates mode 'basic'

=INFO REPORT==== 25-Dec-2015::16:31:39 ===
rabbit on node 'my_server_rabbit3@127.0.0.1' up

=INFO REPORT==== 25-Dec-2015::16:31:39 ===
msg_store_transient: using rabbit_msg_store_ets_index to provide index

=INFO REPORT==== 25-Dec-2015::16:31:39 ===
msg_store_persistent: using rabbit_msg_store_ets_index to provide index

=WARNING REPORT==== 25-Dec-2015::16:31:39 ===
msg_store_persistent: rebuilding indices from scratch

=INFO REPORT==== 25-Dec-2015::16:31:39 ===
started TCP Listener on 127.0.0.1:5673

=INFO REPORT==== 25-Dec-2015::16:31:39 ===
Management plugin started. Port: 15673

=INFO REPORT==== 25-Dec-2015::16:31:39 ===
rabbit on node 'my_server_rabbit2@127.0.0.1' up

=INFO REPORT==== 25-Dec-2015::16:31:39 ===
Server startup complete; 8 plugins started.
 * rabbitmq_tracing
 * rabbitmq_management
 * rabbitmq_shovel
 * rabbitmq_management_agent
 * rabbitmq_web_dispatch
 * webmachine
 * mochiweb
 * amqp_client

=INFO REPORT==== 25-Dec-2015::17:24:52 ===
rabbit on node 'my_server_rabbit2@127.0.0.1' down

=INFO REPORT==== 25-Dec-2015::17:24:52 ===
Statistics database started.

=INFO REPORT==== 25-Dec-2015::17:24:52 ===
node 'my_server_rabbit2@127.0.0.1' down: connection_closed

=INFO REPORT==== 25-Dec-2015::17:26:24 ===
Starting RabbitMQ 3.5.3 on Erlang R15B
Copyright (C) 2007-2014 GoPivotal, Inc.
Licensed under the MPL.  See http://www.rabbitmq.com/

=INFO REPORT==== 25-Dec-2015::17:26:24 ===
node           : my_server_rabbit1@127.0.0.1
home dir       : C:\Users\xxw
config file(s) : (none)
cookie hash    : vsoziVgtD2XOblNsBTYZ/w==
log            : ../log/my_server_rabbit1@127.0.0.1.log
sasl log       : ../log/my_server_rabbit1@127.0.0.1_sasl.log
database dir   : c:/github/RabbitMQ/ebin/../db/my_server_rabbit1@127.0.0.1-mnesia

=WARNING REPORT==== 25-Dec-2015::17:26:24 ===
Kernel poll (epoll, kqueue, etc) is disabled. Throughput and CPU utilization may worsen.

=WARNING REPORT==== 25-Dec-2015::17:26:25 ===
Only 2048MB of 8068MB memory usable due to limited address space.
Crashes due to memory exhaustion are possible - see
http://www.rabbitmq.com/memory.html#address-space

=INFO REPORT==== 25-Dec-2015::17:26:25 ===
Memory limit set to 819MB of 8068MB total.

=INFO REPORT==== 25-Dec-2015::17:26:25 ===
Disk free limit set to 50MB

=INFO REPORT==== 25-Dec-2015::17:26:25 ===
Limiting to approx 924 file handles (829 sockets)

=INFO REPORT==== 25-Dec-2015::17:26:25 ===
Priority queues enabled, real BQ is rabbit_variable_queue

=INFO REPORT==== 25-Dec-2015::17:26:26 ===
Management plugin: using rates mode 'basic'

=INFO REPORT==== 25-Dec-2015::17:26:26 ===
msg_store_transient: using rabbit_msg_store_ets_index to provide index

=INFO REPORT==== 25-Dec-2015::17:26:26 ===
msg_store_persistent: using rabbit_msg_store_ets_index to provide index

=WARNING REPORT==== 25-Dec-2015::17:26:26 ===
msg_store_persistent: rebuilding indices from scratch

=INFO REPORT==== 25-Dec-2015::17:26:26 ===
started TCP Listener on 127.0.0.1:5673

=INFO REPORT==== 25-Dec-2015::17:26:26 ===
rabbit on node 'my_server_rabbit2@127.0.0.1' up

=INFO REPORT==== 25-Dec-2015::17:26:26 ===
Management plugin started. Port: 15673

=INFO REPORT==== 25-Dec-2015::17:26:26 ===
rabbit on node 'my_server_rabbit3@127.0.0.1' up

=INFO REPORT==== 25-Dec-2015::17:26:27 ===
Server startup complete; 8 plugins started.
 * rabbitmq_tracing
 * rabbitmq_management
 * rabbitmq_shovel
 * rabbitmq_management_agent
 * rabbitmq_web_dispatch
 * webmachine
 * mochiweb
 * amqp_client

=INFO REPORT==== 25-Dec-2015::17:29:03 ===
Starting RabbitMQ 3.5.3 on Erlang R15B
Copyright (C) 2007-2014 GoPivotal, Inc.
Licensed under the MPL.  See http://www.rabbitmq.com/

=INFO REPORT==== 25-Dec-2015::17:29:03 ===
node           : my_server_rabbit1@127.0.0.1
home dir       : C:\Users\xxw
config file(s) : (none)
cookie hash    : vsoziVgtD2XOblNsBTYZ/w==
log            : ../log/my_server_rabbit1@127.0.0.1.log
sasl log       : ../log/my_server_rabbit1@127.0.0.1_sasl.log
database dir   : c:/github/RabbitMQ/ebin/../db/my_server_rabbit1@127.0.0.1-mnesia

=WARNING REPORT==== 25-Dec-2015::17:29:03 ===
Kernel poll (epoll, kqueue, etc) is disabled. Throughput and CPU utilization may worsen.

=WARNING REPORT==== 25-Dec-2015::17:29:04 ===
Only 2048MB of 8068MB memory usable due to limited address space.
Crashes due to memory exhaustion are possible - see
http://www.rabbitmq.com/memory.html#address-space

=INFO REPORT==== 25-Dec-2015::17:29:04 ===
Memory limit set to 819MB of 8068MB total.

=INFO REPORT==== 25-Dec-2015::17:29:04 ===
Disk free limit set to 50MB

=INFO REPORT==== 25-Dec-2015::17:29:04 ===
Limiting to approx 924 file handles (829 sockets)

=INFO REPORT==== 25-Dec-2015::17:29:06 ===
Priority queues enabled, real BQ is rabbit_variable_queue

=INFO REPORT==== 25-Dec-2015::17:29:06 ===
Management plugin: using rates mode 'basic'

=INFO REPORT==== 25-Dec-2015::17:29:06 ===
rabbit on node 'my_server_rabbit2@127.0.0.1' up

=INFO REPORT==== 25-Dec-2015::17:29:07 ===
msg_store_transient: using rabbit_msg_store_ets_index to provide index

=INFO REPORT==== 25-Dec-2015::17:29:07 ===
msg_store_persistent: using rabbit_msg_store_ets_index to provide index

=WARNING REPORT==== 25-Dec-2015::17:29:07 ===
msg_store_persistent: rebuilding indices from scratch

=INFO REPORT==== 25-Dec-2015::17:29:07 ===
started TCP Listener on 127.0.0.1:5673

=INFO REPORT==== 25-Dec-2015::17:29:07 ===
rabbit on node 'my_server_rabbit3@127.0.0.1' up

=INFO REPORT==== 25-Dec-2015::17:29:07 ===
Management plugin started. Port: 15673

=INFO REPORT==== 25-Dec-2015::17:29:07 ===
Server startup complete; 8 plugins started.
 * rabbitmq_tracing
 * rabbitmq_management
 * rabbitmq_shovel
 * rabbitmq_management_agent
 * rabbitmq_web_dispatch
 * webmachine
 * mochiweb
 * amqp_client

=INFO REPORT==== 25-Dec-2015::17:29:45 ===
Starting RabbitMQ 3.5.3 on Erlang R15B
Copyright (C) 2007-2014 GoPivotal, Inc.
Licensed under the MPL.  See http://www.rabbitmq.com/

=INFO REPORT==== 25-Dec-2015::17:29:45 ===
node           : my_server_rabbit1@127.0.0.1
home dir       : C:\Users\xxw
config file(s) : (none)
cookie hash    : vsoziVgtD2XOblNsBTYZ/w==
log            : ../log/my_server_rabbit1@127.0.0.1.log
sasl log       : ../log/my_server_rabbit1@127.0.0.1_sasl.log
database dir   : c:/github/RabbitMQ/ebin/../db/my_server_rabbit1@127.0.0.1-mnesia

=WARNING REPORT==== 25-Dec-2015::17:29:45 ===
Kernel poll (epoll, kqueue, etc) is disabled. Throughput and CPU utilization may worsen.

=WARNING REPORT==== 25-Dec-2015::17:29:46 ===
Only 2048MB of 8068MB memory usable due to limited address space.
Crashes due to memory exhaustion are possible - see
http://www.rabbitmq.com/memory.html#address-space

=INFO REPORT==== 25-Dec-2015::17:29:46 ===
Memory limit set to 819MB of 8068MB total.

=INFO REPORT==== 25-Dec-2015::17:29:46 ===
Disk free limit set to 50MB

=INFO REPORT==== 25-Dec-2015::17:29:46 ===
Limiting to approx 924 file handles (829 sockets)

=INFO REPORT==== 25-Dec-2015::17:29:47 ===
Priority queues enabled, real BQ is rabbit_variable_queue

=INFO REPORT==== 25-Dec-2015::17:29:47 ===
Management plugin: using rates mode 'basic'

=INFO REPORT==== 25-Dec-2015::17:29:47 ===
rabbit on node 'my_server_rabbit3@127.0.0.1' up

=INFO REPORT==== 25-Dec-2015::17:29:47 ===
msg_store_transient: using rabbit_msg_store_ets_index to provide index

=INFO REPORT==== 25-Dec-2015::17:29:47 ===
msg_store_persistent: using rabbit_msg_store_ets_index to provide index

=WARNING REPORT==== 25-Dec-2015::17:29:47 ===
msg_store_persistent: rebuilding indices from scratch

=INFO REPORT==== 25-Dec-2015::17:29:47 ===
started TCP Listener on 127.0.0.1:5673

=INFO REPORT==== 25-Dec-2015::17:29:48 ===
Management plugin started. Port: 15673

=INFO REPORT==== 25-Dec-2015::17:29:48 ===
rabbit on node 'my_server_rabbit2@127.0.0.1' up

=INFO REPORT==== 25-Dec-2015::17:29:49 ===
Server startup complete; 8 plugins started.
 * rabbitmq_tracing
 * rabbitmq_management
 * rabbitmq_shovel
 * rabbitmq_management_agent
 * rabbitmq_web_dispatch
 * webmachine
 * mochiweb
 * amqp_client

=INFO REPORT==== 25-Dec-2015::17:30:53 ===
Starting RabbitMQ 3.5.3 on Erlang R15B
Copyright (C) 2007-2014 GoPivotal, Inc.
Licensed under the MPL.  See http://www.rabbitmq.com/

=INFO REPORT==== 25-Dec-2015::17:30:53 ===
node           : my_server_rabbit1@127.0.0.1
home dir       : C:\Users\xxw
config file(s) : (none)
cookie hash    : vsoziVgtD2XOblNsBTYZ/w==
log            : ../log/my_server_rabbit1@127.0.0.1.log
sasl log       : ../log/my_server_rabbit1@127.0.0.1_sasl.log
database dir   : c:/github/RabbitMQ/ebin/../db/my_server_rabbit1@127.0.0.1-mnesia

=WARNING REPORT==== 25-Dec-2015::17:30:53 ===
Kernel poll (epoll, kqueue, etc) is disabled. Throughput and CPU utilization may worsen.

=WARNING REPORT==== 25-Dec-2015::17:30:53 ===
Only 2048MB of 8068MB memory usable due to limited address space.
Crashes due to memory exhaustion are possible - see
http://www.rabbitmq.com/memory.html#address-space

=INFO REPORT==== 25-Dec-2015::17:30:53 ===
Memory limit set to 819MB of 8068MB total.

=INFO REPORT==== 25-Dec-2015::17:30:54 ===
Disk free limit set to 50MB

=INFO REPORT==== 25-Dec-2015::17:30:54 ===
Limiting to approx 924 file handles (829 sockets)

=INFO REPORT==== 25-Dec-2015::17:30:55 ===
Priority queues enabled, real BQ is rabbit_variable_queue

=INFO REPORT==== 25-Dec-2015::17:30:56 ===
Management plugin: using rates mode 'basic'

=INFO REPORT==== 25-Dec-2015::17:30:57 ===
msg_store_transient: using rabbit_msg_store_ets_index to provide index

=INFO REPORT==== 25-Dec-2015::17:30:57 ===
msg_store_persistent: using rabbit_msg_store_ets_index to provide index

=WARNING REPORT==== 25-Dec-2015::17:30:57 ===
msg_store_persistent: rebuilding indices from scratch

=INFO REPORT==== 25-Dec-2015::17:30:57 ===
started TCP Listener on 127.0.0.1:5673

=INFO REPORT==== 25-Dec-2015::17:30:57 ===
rabbit on node 'my_server_rabbit3@127.0.0.1' up

=INFO REPORT==== 25-Dec-2015::17:30:57 ===
Management plugin started. Port: 15673

=INFO REPORT==== 25-Dec-2015::17:30:57 ===
rabbit on node 'my_server_rabbit2@127.0.0.1' up

=INFO REPORT==== 25-Dec-2015::17:30:57 ===
Server startup complete; 8 plugins started.
 * rabbitmq_tracing
 * rabbitmq_management
 * rabbitmq_shovel
 * rabbitmq_management_agent
 * rabbitmq_web_dispatch
 * webmachine
 * mochiweb
 * amqp_client

=INFO REPORT==== 25-Dec-2015::17:36:23 ===
Starting RabbitMQ 3.5.3 on Erlang R15B
Copyright (C) 2007-2014 GoPivotal, Inc.
Licensed under the MPL.  See http://www.rabbitmq.com/

=INFO REPORT==== 25-Dec-2015::17:36:23 ===
node           : my_server_rabbit1@127.0.0.1
home dir       : C:\Users\xxw
config file(s) : (none)
cookie hash    : vsoziVgtD2XOblNsBTYZ/w==
log            : ../log/my_server_rabbit1@127.0.0.1.log
sasl log       : ../log/my_server_rabbit1@127.0.0.1_sasl.log
database dir   : c:/github/RabbitMQ/ebin/../db/my_server_rabbit1@127.0.0.1-mnesia

=WARNING REPORT==== 25-Dec-2015::17:36:23 ===
Kernel poll (epoll, kqueue, etc) is disabled. Throughput and CPU utilization may worsen.

=WARNING REPORT==== 25-Dec-2015::17:36:23 ===
Only 2048MB of 8068MB memory usable due to limited address space.
Crashes due to memory exhaustion are possible - see
http://www.rabbitmq.com/memory.html#address-space

=INFO REPORT==== 25-Dec-2015::17:36:23 ===
Memory limit set to 819MB of 8068MB total.

=INFO REPORT==== 25-Dec-2015::17:36:23 ===
Disk free limit set to 50MB

=INFO REPORT==== 25-Dec-2015::17:36:23 ===
Limiting to approx 924 file handles (829 sockets)

=INFO REPORT==== 25-Dec-2015::17:36:24 ===
Priority queues enabled, real BQ is rabbit_variable_queue

=INFO REPORT==== 25-Dec-2015::17:36:24 ===
Management plugin: using rates mode 'basic'

=INFO REPORT==== 25-Dec-2015::17:36:24 ===
msg_store_transient: using rabbit_msg_store_ets_index to provide index

=INFO REPORT==== 25-Dec-2015::17:36:24 ===
msg_store_persistent: using rabbit_msg_store_ets_index to provide index

=WARNING REPORT==== 25-Dec-2015::17:36:24 ===
msg_store_persistent: rebuilding indices from scratch

=INFO REPORT==== 25-Dec-2015::17:36:24 ===
started TCP Listener on 127.0.0.1:5673

=INFO REPORT==== 25-Dec-2015::17:36:24 ===
rabbit on node 'my_server_rabbit3@127.0.0.1' up

=INFO REPORT==== 25-Dec-2015::17:36:25 ===
Management plugin started. Port: 15673

=INFO REPORT==== 25-Dec-2015::17:36:25 ===
rabbit on node 'my_server_rabbit2@127.0.0.1' up

=INFO REPORT==== 25-Dec-2015::17:36:25 ===
Server startup complete; 8 plugins started.
 * rabbitmq_tracing
 * rabbitmq_management
 * rabbitmq_shovel
 * rabbitmq_management_agent
 * rabbitmq_web_dispatch
 * webmachine
 * mochiweb
 * amqp_client

=INFO REPORT==== 25-Dec-2015::17:57:55 ===
Starting RabbitMQ 3.5.3 on Erlang R15B
Copyright (C) 2007-2014 GoPivotal, Inc.
Licensed under the MPL.  See http://www.rabbitmq.com/

=INFO REPORT==== 25-Dec-2015::17:57:55 ===
node           : my_server_rabbit1@127.0.0.1
home dir       : C:\Users\xxw
config file(s) : (none)
cookie hash    : vsoziVgtD2XOblNsBTYZ/w==
log            : ../log/my_server_rabbit1@127.0.0.1.log
sasl log       : ../log/my_server_rabbit1@127.0.0.1_sasl.log
database dir   : c:/github/RabbitMQ/ebin/../db/my_server_rabbit1@127.0.0.1-mnesia

=WARNING REPORT==== 25-Dec-2015::17:57:55 ===
Kernel poll (epoll, kqueue, etc) is disabled. Throughput and CPU utilization may worsen.

=WARNING REPORT==== 25-Dec-2015::17:57:55 ===
Only 2048MB of 8068MB memory usable due to limited address space.
Crashes due to memory exhaustion are possible - see
http://www.rabbitmq.com/memory.html#address-space

=INFO REPORT==== 25-Dec-2015::17:57:55 ===
Memory limit set to 819MB of 8068MB total.

=INFO REPORT==== 25-Dec-2015::17:57:55 ===
Disk free limit set to 50MB

=INFO REPORT==== 25-Dec-2015::17:57:55 ===
Limiting to approx 924 file handles (829 sockets)

=INFO REPORT==== 25-Dec-2015::17:57:57 ===
Priority queues enabled, real BQ is rabbit_variable_queue

=INFO REPORT==== 25-Dec-2015::17:57:57 ===
Management plugin: using rates mode 'basic'

=INFO REPORT==== 25-Dec-2015::17:57:57 ===
msg_store_transient: using rabbit_msg_store_ets_index to provide index

=INFO REPORT==== 25-Dec-2015::17:57:57 ===
msg_store_persistent: using rabbit_msg_store_ets_index to provide index

=WARNING REPORT==== 25-Dec-2015::17:57:57 ===
msg_store_persistent: rebuilding indices from scratch

=INFO REPORT==== 25-Dec-2015::17:57:57 ===
started TCP Listener on 127.0.0.1:5673

=INFO REPORT==== 25-Dec-2015::17:57:57 ===
rabbit on node 'my_server_rabbit3@127.0.0.1' up

=INFO REPORT==== 25-Dec-2015::17:57:57 ===
Management plugin started. Port: 15673

=INFO REPORT==== 25-Dec-2015::17:57:57 ===
rabbit on node 'my_server_rabbit2@127.0.0.1' up

=INFO REPORT==== 25-Dec-2015::17:57:58 ===
Server startup complete; 8 plugins started.
 * rabbitmq_tracing
 * rabbitmq_management
 * rabbitmq_shovel
 * rabbitmq_management_agent
 * rabbitmq_web_dispatch
 * webmachine
 * mochiweb
 * amqp_client

=INFO REPORT==== 25-Dec-2015::18:39:06 ===
rabbit on node 'my_server_rabbit3@127.0.0.1' down

=INFO REPORT==== 25-Dec-2015::18:39:06 ===
node 'my_server_rabbit3@127.0.0.1' down: connection_closed

=INFO REPORT==== 25-Dec-2015::18:39:07 ===
rabbit on node 'my_server_rabbit2@127.0.0.1' down

=INFO REPORT==== 25-Dec-2015::18:39:07 ===
Statistics database started.

=INFO REPORT==== 25-Dec-2015::18:39:07 ===
node 'my_server_rabbit2@127.0.0.1' down: connection_closed

=INFO REPORT==== 25-Dec-2015::18:39:20 ===
Starting RabbitMQ 3.5.3 on Erlang R15B
Copyright (C) 2007-2014 GoPivotal, Inc.
Licensed under the MPL.  See http://www.rabbitmq.com/

=INFO REPORT==== 25-Dec-2015::18:39:20 ===
node           : my_server_rabbit1@127.0.0.1
home dir       : C:\Users\xxw
config file(s) : (none)
cookie hash    : vsoziVgtD2XOblNsBTYZ/w==
log            : ../log/my_server_rabbit1@127.0.0.1.log
sasl log       : ../log/my_server_rabbit1@127.0.0.1_sasl.log
database dir   : c:/github/RabbitMQ/ebin/../db/my_server_rabbit1@127.0.0.1-mnesia

=WARNING REPORT==== 25-Dec-2015::18:39:20 ===
Kernel poll (epoll, kqueue, etc) is disabled. Throughput and CPU utilization may worsen.

=WARNING REPORT==== 25-Dec-2015::18:39:20 ===
Only 2048MB of 8068MB memory usable due to limited address space.
Crashes due to memory exhaustion are possible - see
http://www.rabbitmq.com/memory.html#address-space

=INFO REPORT==== 25-Dec-2015::18:39:20 ===
Memory limit set to 819MB of 8068MB total.

=INFO REPORT==== 25-Dec-2015::18:39:20 ===
Disk free limit set to 50MB

=INFO REPORT==== 25-Dec-2015::18:39:20 ===
Limiting to approx 924 file handles (829 sockets)

=INFO REPORT==== 25-Dec-2015::18:39:21 ===
Priority queues enabled, real BQ is rabbit_variable_queue

=INFO REPORT==== 25-Dec-2015::18:39:21 ===
Management plugin: using rates mode 'basic'

=INFO REPORT==== 25-Dec-2015::18:39:21 ===
msg_store_transient: using rabbit_msg_store_ets_index to provide index

=INFO REPORT==== 25-Dec-2015::18:39:21 ===
msg_store_persistent: using rabbit_msg_store_ets_index to provide index

=WARNING REPORT==== 25-Dec-2015::18:39:21 ===
msg_store_persistent: rebuilding indices from scratch

=INFO REPORT==== 25-Dec-2015::18:39:21 ===
started TCP Listener on 127.0.0.1:5673

=INFO REPORT==== 25-Dec-2015::18:39:21 ===
rabbit on node 'my_server_rabbit3@127.0.0.1' up

=INFO REPORT==== 25-Dec-2015::18:39:21 ===
Management plugin started. Port: 15673

=INFO REPORT==== 25-Dec-2015::18:39:21 ===
Statistics database started.

=INFO REPORT==== 25-Dec-2015::18:39:21 ===
Server startup complete; 8 plugins started.
 * rabbitmq_tracing
 * rabbitmq_management
 * rabbitmq_shovel
 * rabbitmq_management_agent
 * rabbitmq_web_dispatch
 * webmachine
 * mochiweb
 * amqp_client

=INFO REPORT==== 25-Dec-2015::18:39:31 ===
Starting RabbitMQ 3.5.3 on Erlang R15B
Copyright (C) 2007-2014 GoPivotal, Inc.
Licensed under the MPL.  See http://www.rabbitmq.com/

=INFO REPORT==== 25-Dec-2015::18:39:31 ===
node           : my_server_rabbit1@127.0.0.1
home dir       : C:\Users\xxw
config file(s) : (none)
cookie hash    : vsoziVgtD2XOblNsBTYZ/w==
log            : ../log/my_server_rabbit1@127.0.0.1.log
sasl log       : ../log/my_server_rabbit1@127.0.0.1_sasl.log
database dir   : c:/github/RabbitMQ/ebin/../db/my_server_rabbit1@127.0.0.1-mnesia

=WARNING REPORT==== 25-Dec-2015::18:39:31 ===
Kernel poll (epoll, kqueue, etc) is disabled. Throughput and CPU utilization may worsen.

=WARNING REPORT==== 25-Dec-2015::18:39:31 ===
Only 2048MB of 8068MB memory usable due to limited address space.
Crashes due to memory exhaustion are possible - see
http://www.rabbitmq.com/memory.html#address-space

=INFO REPORT==== 25-Dec-2015::18:39:31 ===
Memory limit set to 819MB of 8068MB total.

=INFO REPORT==== 25-Dec-2015::18:39:31 ===
Disk free limit set to 50MB

=INFO REPORT==== 25-Dec-2015::18:39:31 ===
Limiting to approx 924 file handles (829 sockets)

=INFO REPORT==== 25-Dec-2015::18:39:32 ===
Priority queues enabled, real BQ is rabbit_variable_queue

=INFO REPORT==== 25-Dec-2015::18:39:33 ===
Management plugin: using rates mode 'basic'

=INFO REPORT==== 25-Dec-2015::18:39:33 ===
msg_store_transient: using rabbit_msg_store_ets_index to provide index

=INFO REPORT==== 25-Dec-2015::18:39:33 ===
msg_store_persistent: using rabbit_msg_store_ets_index to provide index

=WARNING REPORT==== 25-Dec-2015::18:39:33 ===
msg_store_persistent: rebuilding indices from scratch

=INFO REPORT==== 25-Dec-2015::18:39:33 ===
started TCP Listener on 127.0.0.1:5673

=INFO REPORT==== 25-Dec-2015::18:39:33 ===
rabbit on node 'my_server_rabbit2@127.0.0.1' up

=INFO REPORT==== 25-Dec-2015::18:39:33 ===
Management plugin started. Port: 15673

=INFO REPORT==== 25-Dec-2015::18:39:33 ===
rabbit on node 'my_server_rabbit3@127.0.0.1' up

=INFO REPORT==== 25-Dec-2015::18:39:33 ===
Server startup complete; 8 plugins started.
 * rabbitmq_tracing
 * rabbitmq_management
 * rabbitmq_shovel
 * rabbitmq_management_agent
 * rabbitmq_web_dispatch
 * webmachine
 * mochiweb
 * amqp_client
